[2023-03-01 04:37 Europe/Berlin] HTTP request of validation request:POST /cgi-bin/webscr HTTP/1.1
Host: www.sandbox.paypal.com
Accept: */*
Connection: Close
Content-Length: 825
Content-Type: application/x-www-form-urlencoded

 for IPN payload: cmd=_notify-validate&mc_gross=10.00&protection_eligibility=Eligible&payer_id=SE77QX34C3AAW&payment_date=19%3A40%3A53+Feb+28%2C+2023+PST&payment_status=Completed&charset=UTF-8&first_name=John&mc_fee=0.84&notify_version=3.9&custom=&payer_status=verified&business=geraldliam%40businesstesting.com&quantity=1&verify_sign=ALE7McM2sf5VhqbTNm4Ck0rAj0SiANWAPGxZlhMbWTNVlROqWqzmLkLP&payer_email=johndoe%40newpersonalemail.com&txn_id=5JP975168C555312N&payment_type=instant&last_name=Doe&receiver_email=geraldliam%40businesstesting.com&payment_fee=0.84&shipping_discount=0.00&receiver_id=SUK2FY76SV3W4&insurance_amount=0.00&txn_type=web_accept&item_name=Laptop+Bag&discount=0.00&mc_currency=USD&item_number=Bag01&residence_country=US&test_ipn=1&shipping_method=Default&transaction_subject=&payment_gross=10.00&ipn_track_id=f18350736b89e
[2023-03-01 04:37 Europe/Berlin] HTTP response of validation request: HTTP/1.1 200 OK
Connection: close
Content-Length: 8
Content-Type: text/html; charset=utf-8
Accept-Ch: Sec-CH-UA-Full
Cache-Control: max-age=0, no-cache, no-store, must-revalidate
Content-Security-Policy: default-src 'self' https://*.paypal.com https://*.paypalobjects.com 'unsafe-inline'; style-src 'self' https://*.paypal.com https://*.paypalobjects.com 'unsafe-inline'; script-src 'nonce-02DebveAO4sQVJSJ94sFSZobWo4S7eBlrZXEe7+wIhYB1HAE' 'self' 'unsafe-inline' https://*.paypal.com https://*.paypalobjects.com; img-src 'self' https: data:; object-src 'none'; font-src 'self' https://*.paypal.com https://*.paypalobjects.com; frame-src 'self' https://*.paypalobjects.com https://*.paypal.com https://*.qualtrics.com; connect-src 'self' 'unsafe-inline' https://*.paypal.com https://*.paypalobjects.com https://*.qualtrics.com; form-action 'self' https://*.paypal.com; base-uri 'self' https://*.paypal.com; upgrade-insecure-requests;
Etag: W/"8-WXvD6WBsMSDy5c0v7r4OHopk5Ys"
Origin-Trial: AlIogV3KFtnbfVCyl9Z2NprE7FD8PYCt+TQiYdE3ppeJjJ0xJKcthYwOxXpRCNopxVWdOIENMcNSvQCGAmj0fw0AAAB2eyJvcmlnaW4iOiJodHRwczovL3BheXBhbC5jb206NDQzIiwiZmVhdHVyZSI6IlNlbmRGdWxsVXNlckFnZW50QWZ0ZXJSZWR1Y3Rpb24iLCJleHBpcnkiOjE2ODQ4ODYzOTksImlzU3ViZG9tYWluIjp0cnVlfQ==
Paypal-Debug-Id: f383855157fe0
Set-Cookie: LANG=en_US%3BUS; Max-Age=31556; Domain=.paypal.com; Path=/; Expires=Wed, 01 Mar 2023 12:27:01 GMT; HttpOnly; Secure
Set-Cookie: LANG=en_US%3BUS; Max-Age=31556; Domain=.paypal.com; Path=/; Expires=Wed, 01 Mar 2023 12:27:01 GMT; HttpOnly; Secure
Set-Cookie: tsrce=merchantnotifnodeweb; Domain=.paypal.com; Path=/; Expires=Sat, 04 Mar 2023 03:41:05 GMT; HttpOnly; Secure; SameSite=None
Set-Cookie: nsid=s%3AN1GqhBnHlxeR55Bh0SGfbrIZ7A7OEKn5.s8l%2BXko%2FFnI%2FOB2olmWAJSQLDgiNxYI%2BNBAMlkia5Mo; Path=/; HttpOnly; Secure
Set-Cookie: ts=vreXpYrS%3D1772336465%26vteXpYrS%3D1677643865%26vr%3D9b4267121860a6022c954205fe222e14%26vt%3D9b4267121860a6022c954205fe222e13%26vtyp%3Dnew; Path=/; Domain=paypal.com; Expires=Sat, 28 Feb 2026 03:41:05 GMT; HttpOnly; Secure
Set-Cookie: ts_c=vr%3D9b4267121860a6022c954205fe222e14%26vt%3D9b4267121860a6022c954205fe222e13; Path=/; Domain=paypal.com; Expires=Sat, 28 Feb 2026 03:41:05 GMT; Secure
X-Content-Type-Options: nosniff
X-Frame-Options: SAMEORIGIN
X-Xss-Protection: 1; mode=block
Accept-Ranges: bytes
Date: Wed, 01 Mar 2023 03:41:05 GMT
Via: 1.1 varnish
Strict-Transport-Security: max-age=63072000; includeSubDomains; preload
X-Served-By: cache-qpg1276-QPG
X-Cache: MISS
X-Cache-Hits: 0
X-Timer: S1677642066.586693,VS0,VE289
Vary: Accept-Encoding
Set-Cookie: x-cdn=fastly:QPG; Domain=paypal.com; Path=/; Secure

VERIFIED
[2023-03-03 02:01 Europe/Berlin] Invalid IPN: cmd=_notify-validate
[2023-03-03 06:42 Europe/Berlin] Invalid IPN: cmd=_notify-validate
[2023-03-16 01:27 UTC] Invalid Currency: cmd=_notify-validate&mc_gross=1000.00&protection_eligibility=Eligible&payer_id=SE77QX34C3AAW&payment_date=18%3A27%3A34+Mar+15%2C+2023+PDT&payment_status=Completed&charset=UTF-8&first_name=John&mc_fee=59.90&notify_version=3.9&custom=&payer_status=verified&business=christiangartin%40shiplines.com&quantity=1&verify_sign=A5ERy4o8OyneD-hr0yka7Sd109v8A8OhBoyyxLmyGDfhcgv0-ytIDCYE&payer_email=johndoe%40newpersonalemail.com&txn_id=2US53338MW591930X&payment_type=instant&last_name=Doe&receiver_email=christiangartin%40shiplines.com&payment_fee=&shipping_discount=0.00&receiver_id=BQWL4G73JMQ9N&insurance_amount=0.00&txn_type=web_accept&item_name=176&discount=0.00&mc_currency=PHP&item_number=Purchase&residence_country=US&test_ipn=1&shipping_method=Default&transaction_subject=&payment_gross=&ipn_track_id=f623914dd4615
